2023-05-15 23:05:163 INFO  HomePage :34 - Click on computer menu[[ChromeDriver: chrome on WINDOWS (cb9f57daddc0af13d38bd932deb6dc03)] -> xpath: //ul[1]/li/a[text()='Computers ']]
2023-05-15 23:05:61 INFO  ComputersPage :18 - Click on desktops[[ChromeDriver: chrome on WINDOWS (cb9f57daddc0af13d38bd932deb6dc03)] -> xpath: //img[@alt='Picture for category Desktops']]
2023-05-15 23:05:820 INFO  DesktopsPage :26 - Select sort Z to A[[ChromeDriver: chrome on WINDOWS (cb9f57daddc0af13d38bd932deb6dc03)] -> name: products-orderby]
2023-05-15 23:05:368 INFO  HomePage :34 - Click on computer menu[[ChromeDriver: chrome on WINDOWS (dfd8d14fcb09cdc3d8982eb809613293)] -> xpath: //ul[1]/li/a[text()='Computers ']]
2023-05-15 23:05:263 INFO  ComputersPage :18 - Click on desktops[[ChromeDriver: chrome on WINDOWS (dfd8d14fcb09cdc3d8982eb809613293)] -> xpath: //img[@alt='Picture for category Desktops']]
2023-05-15 23:05:67 INFO  DesktopsPage :31 - Select sort A to Z[[ChromeDriver: chrome on WINDOWS (dfd8d14fcb09cdc3d8982eb809613293)] -> name: products-orderby]
2023-05-15 23:05:180 INFO  DesktopsPage :36 - CLick on add to cart button[[ChromeDriver: chrome on WINDOWS (dfd8d14fcb09cdc3d8982eb809613293)] -> xpath: //body/div[6]/div[3]/div[1]/div[3]/div[1]/div[2]/div[2]/div[2]/div[1]/div[1]/div[1]/div[1]/div[2]/div[3]/div[2]/button[1]]
2023-05-15 23:05:254 INFO  BuildYourOwnComputerPage :59 - Get build your own computer text[[ChromeDriver: chrome on WINDOWS (dfd8d14fcb09cdc3d8982eb809613293)] -> xpath: //h1[text()='Build your own computer']]
2023-05-15 23:05:324 INFO  BuildYourOwnComputerPage :64 - Select processor[[ChromeDriver: chrome on WINDOWS (dfd8d14fcb09cdc3d8982eb809613293)] -> name: product_attribute_1]
2023-05-15 23:05:543 INFO  BuildYourOwnComputerPage :69 - Select ram[[ChromeDriver: chrome on WINDOWS (dfd8d14fcb09cdc3d8982eb809613293)] -> name: product_attribute_2]
2023-05-15 23:05:745 INFO  BuildYourOwnComputerPage :74 - Select hdd[[ChromeDriver: chrome on WINDOWS (dfd8d14fcb09cdc3d8982eb809613293)] -> id: product_attribute_3_7]
2023-05-15 23:05:848 INFO  BuildYourOwnComputerPage :79 - Select vista premium Os[[ChromeDriver: chrome on WINDOWS (dfd8d14fcb09cdc3d8982eb809613293)] -> id: product_attribute_4_9]
2023-05-15 23:05:942 INFO  BuildYourOwnComputerPage :84 - Click on total command[[ChromeDriver: chrome on WINDOWS (dfd8d14fcb09cdc3d8982eb809613293)] -> id: product_attribute_5_12]
2023-05-15 23:05:48 INFO  BuildYourOwnComputerPage :89 - Get price[[ChromeDriver: chrome on WINDOWS (dfd8d14fcb09cdc3d8982eb809613293)] -> id: price-value-1]
2023-05-15 23:05:89 INFO  BuildYourOwnComputerPage :94 - Click on add to cart[[ChromeDriver: chrome on WINDOWS (dfd8d14fcb09cdc3d8982eb809613293)] -> id: add-to-cart-button-1]
2023-05-15 23:05:404 INFO  BuildYourOwnComputerPage :99 - Get product added text[[ChromeDriver: chrome on WINDOWS (dfd8d14fcb09cdc3d8982eb809613293)] -> xpath: //body/div[@id='bar-notification']/div[1]/p[1]]
2023-05-15 23:05:436 INFO  BuildYourOwnComputerPage :104 - Click on close button[[ChromeDriver: chrome on WINDOWS (dfd8d14fcb09cdc3d8982eb809613293)] -> xpath: //span[@class='close']]
2023-05-15 23:05:509 INFO  BuildYourOwnComputerPage :109 - Mouse hover on shopping cart[[ChromeDriver: chrome on WINDOWS (dfd8d14fcb09cdc3d8982eb809613293)] -> xpath: //span[@class='cart-label']]
2023-05-15 23:05:670 INFO  BuildYourOwnComputerPage :114 - Click on go to cart button[[ChromeDriver: chrome on WINDOWS (dfd8d14fcb09cdc3d8982eb809613293)] -> xpath: //button[contains(text(),'Go to cart')]]
2023-05-15 23:05:81 INFO  CartPage :72 - Get shopping cart text[[ChromeDriver: chrome on WINDOWS (dfd8d14fcb09cdc3d8982eb809613293)] -> xpath: //h1[text()='Shopping cart']]
2023-05-15 23:05:108 INFO  CartPage :77 - Change quantity[[ChromeDriver: chrome on WINDOWS (dfd8d14fcb09cdc3d8982eb809613293)] -> xpath: //input[@value='1']]
2023-05-15 23:05:276 INFO  CartPage :83 - Click on update cart[[ChromeDriver: chrome on WINDOWS (dfd8d14fcb09cdc3d8982eb809613293)] -> id: updatecart]
2023-05-15 23:05:729 INFO  CartPage :88 - Get total[[ChromeDriver: chrome on WINDOWS (dfd8d14fcb09cdc3d8982eb809613293)] -> xpath: //tbody/tr[1]/td[6]/span[1]]
2023-05-15 23:05:760 INFO  CartPage :93 - Click on check box[[ChromeDriver: chrome on WINDOWS (dfd8d14fcb09cdc3d8982eb809613293)] -> xpath: //input[@id='termsofservice']]
2023-05-15 23:05:815 INFO  CartPage :98 - Click on checkout button[[ChromeDriver: chrome on WINDOWS (dfd8d14fcb09cdc3d8982eb809613293)] -> xpath: //button[@id='checkout']]
2023-05-15 23:05:797 INFO  CartPage :103 - Get welcome text[[ChromeDriver: chrome on WINDOWS (dfd8d14fcb09cdc3d8982eb809613293)] -> xpath: //h1[text()='Welcome, Please Sign In!']]
2023-05-15 23:05:820 INFO  CartPage :108 - Click on checkout as guest[[ChromeDriver: chrome on WINDOWS (dfd8d14fcb09cdc3d8982eb809613293)] -> xpath: //button[@class='button-1 checkout-as-guest-button']]
2023-05-15 23:05:483 INFO  CheckoutPage :82 - Enter first name[[ChromeDriver: chrome on WINDOWS (dfd8d14fcb09cdc3d8982eb809613293)] -> id: BillingNewAddress_FirstName]
2023-05-15 23:05:569 INFO  CheckoutPage :84 - Enter last name[[ChromeDriver: chrome on WINDOWS (dfd8d14fcb09cdc3d8982eb809613293)] -> id: BillingNewAddress_LastName]
2023-05-15 23:05:656 INFO  CheckoutPage :86 - Enter email id[[ChromeDriver: chrome on WINDOWS (dfd8d14fcb09cdc3d8982eb809613293)] -> id: BillingNewAddress_Email]
2023-05-15 23:05:785 INFO  CheckoutPage :88 - Select country[[ChromeDriver: chrome on WINDOWS (dfd8d14fcb09cdc3d8982eb809613293)] -> id: BillingNewAddress_CountryId]
2023-05-15 23:05:873 INFO  CheckoutPage :90 - Select city[[ChromeDriver: chrome on WINDOWS (dfd8d14fcb09cdc3d8982eb809613293)] -> id: BillingNewAddress_City]
2023-05-15 23:05:961 INFO  CheckoutPage :92 - Enter address[[ChromeDriver: chrome on WINDOWS (dfd8d14fcb09cdc3d8982eb809613293)] -> id: BillingNewAddress_Address1]
2023-05-15 23:05:94 INFO  CheckoutPage :94 - Enter postcode[[ChromeDriver: chrome on WINDOWS (dfd8d14fcb09cdc3d8982eb809613293)] -> id: BillingNewAddress_ZipPostalCode]
2023-05-15 23:05:199 INFO  CheckoutPage :96 - Enter phone number[[ChromeDriver: chrome on WINDOWS (dfd8d14fcb09cdc3d8982eb809613293)] -> id: BillingNewAddress_PhoneNumber]
2023-05-15 23:05:299 INFO  CheckoutPage :98 - Click on continue button[[ChromeDriver: chrome on WINDOWS (dfd8d14fcb09cdc3d8982eb809613293)] -> name: save]
2023-05-15 23:05:657 INFO  CheckoutPage :103 - Click on next day button[[ChromeDriver: chrome on WINDOWS (dfd8d14fcb09cdc3d8982eb809613293)] -> id: shippingoption_1]
2023-05-15 23:05:744 INFO  CheckoutPage :108 - Click on continue[[ChromeDriver: chrome on WINDOWS (dfd8d14fcb09cdc3d8982eb809613293)] -> xpath: //button[@onclick='ShippingMethod.save()']]
2023-05-15 23:05:62 INFO  PaymentPage :43 - CLick on credit card radio button[[ChromeDriver: chrome on WINDOWS (dfd8d14fcb09cdc3d8982eb809613293)] -> id: paymentmethod_1]
2023-05-15 23:05:143 INFO  PaymentPage :48 - Click on continue[[ChromeDriver: chrome on WINDOWS (dfd8d14fcb09cdc3d8982eb809613293)] -> xpath: //li[4]/div[2]/div[1]/button[1]]
2023-05-15 23:05:458 INFO  PaymentPage :53 - Select master card[[ChromeDriver: chrome on WINDOWS (dfd8d14fcb09cdc3d8982eb809613293)] -> id: CreditCardType]
2023-05-15 23:05:551 INFO  PaymentPage :58 - Enter card holder name[[ChromeDriver: chrome on WINDOWS (dfd8d14fcb09cdc3d8982eb809613293)] -> id: CardholderName]
2023-05-15 23:05:657 INFO  PaymentPage :60 - Enter card number[[ChromeDriver: chrome on WINDOWS (dfd8d14fcb09cdc3d8982eb809613293)] -> id: CardNumber]
2023-05-15 23:05:768 INFO  PaymentPage :62 - Select expire month[[ChromeDriver: chrome on WINDOWS (dfd8d14fcb09cdc3d8982eb809613293)] -> id: ExpireMonth]
2023-05-15 23:05:825 INFO  PaymentPage :64 - Select expire year[[ChromeDriver: chrome on WINDOWS (dfd8d14fcb09cdc3d8982eb809613293)] -> id: ExpireYear]
2023-05-15 23:05:938 INFO  PaymentPage :66 - Enter card code[[ChromeDriver: chrome on WINDOWS (dfd8d14fcb09cdc3d8982eb809613293)] -> id: CardCode]
2023-05-15 23:05:995 INFO  PaymentPage :68 - Click on continue button[[ChromeDriver: chrome on WINDOWS (dfd8d14fcb09cdc3d8982eb809613293)] -> xpath: //li[5]/div[2]/div[1]/button[1]]
2023-05-15 23:05:75 INFO  ConfirmOrderPage :56 - Get credit card textProxy element for: DefaultElementLocator 'By.xpath: //span[contains(text(),'Credit Card')]'
2023-05-15 23:05:701 INFO  HomePage :44 - Hover on electronic[[ChromeDriver: chrome on WINDOWS (0e7430eb3a63da29b877d0bc288a2b83)] -> xpath: //a[text()='Electronics ']]
2023-05-15 23:05:859 INFO  HomePage :49 - Click on cell phones[[ChromeDriver: chrome on WINDOWS (0e7430eb3a63da29b877d0bc288a2b83)] -> xpath: //ul[1]/li[2]/ul[1]/li[2]/a[1]]
2023-05-15 23:05:395 INFO  CellPhonesPage :49 - Get cell phone text[[ChromeDriver: chrome on WINDOWS (0e7430eb3a63da29b877d0bc288a2b83)] -> xpath: //h1[text()='Cell phones']]
2023-05-15 23:05:260 INFO  HomePage :44 - Hover on electronic[[ChromeDriver: chrome on WINDOWS (bae41b818be5f27b2c17ef9834c71943)] -> xpath: //a[text()='Electronics ']]
2023-05-15 23:05:411 INFO  HomePage :49 - Click on cell phones[[ChromeDriver: chrome on WINDOWS (bae41b818be5f27b2c17ef9834c71943)] -> xpath: //ul[1]/li[2]/ul[1]/li[2]/a[1]]
2023-05-15 23:05:308 INFO  CellPhonesPage :49 - Get cell phone text[[ChromeDriver: chrome on WINDOWS (bae41b818be5f27b2c17ef9834c71943)] -> xpath: //h1[text()='Cell phones']]
2023-05-15 23:05:338 INFO  CellPhonesPage :54 - Click on list view tab[[ChromeDriver: chrome on WINDOWS (bae41b818be5f27b2c17ef9834c71943)] -> xpath: //a[contains(text(),'List')]]
2023-05-15 23:05:404 INFO  CellPhonesPage :59 - Click on nokia lumia product[[ChromeDriver: chrome on WINDOWS (bae41b818be5f27b2c17ef9834c71943)] -> xpath: //div[3]/div[1]/div[2]/h2[1]/a]
2023-05-15 23:05:305 INFO  CellPhonesPage :64 - Verify nokia lumia text[[ChromeDriver: chrome on WINDOWS (bae41b818be5f27b2c17ef9834c71943)] -> xpath: //h1[text()='Nokia Lumia 1020']]
2023-05-15 23:05:330 INFO  CellPhonesPage :69 - Verify price[[ChromeDriver: chrome on WINDOWS (bae41b818be5f27b2c17ef9834c71943)] -> id: price-value-20]
2023-05-15 23:05:363 INFO  CellPhonesPage :74 - Change quantity[[ChromeDriver: chrome on WINDOWS (bae41b818be5f27b2c17ef9834c71943)] -> name: addtocart_20.EnteredQuantity]
2023-05-15 23:05:496 INFO  CellPhonesPage :80 - Click on add to cart[[ChromeDriver: chrome on WINDOWS (bae41b818be5f27b2c17ef9834c71943)] -> id: add-to-cart-button-20]
2023-05-15 23:05:765 INFO  CellPhonesPage :85 - Verify product added in shopping cart text[[ChromeDriver: chrome on WINDOWS (bae41b818be5f27b2c17ef9834c71943)] -> xpath: //body/div[@id='bar-notification']/div[1]/p[1]]
2023-05-15 23:05:794 INFO  CellPhonesPage :90 - Click on close button[[ChromeDriver: chrome on WINDOWS (bae41b818be5f27b2c17ef9834c71943)] -> xpath: //span[@title='Close']]
2023-05-15 23:05:854 INFO  CellPhonesPage :95 - Mouse hover on shopping cart[[ChromeDriver: chrome on WINDOWS (bae41b818be5f27b2c17ef9834c71943)] -> xpath: //span[text()='Shopping cart']]
2023-05-15 23:05:865 INFO  CellPhonesPage :96 - Click on go to cart[[ChromeDriver: chrome on WINDOWS (bae41b818be5f27b2c17ef9834c71943)] -> xpath: //button[text()='Go to cart']]
2023-05-15 23:05:441 INFO  CartPage :113 - Verify shopping cart text[[ChromeDriver: chrome on WINDOWS (bae41b818be5f27b2c17ef9834c71943)] -> xpath: //h1[text()='Shopping cart']]
2023-05-15 23:05:462 INFO  CartPage :118 - Verify quantity[[ChromeDriver: chrome on WINDOWS (bae41b818be5f27b2c17ef9834c71943)] -> xpath: //span[contains(text(),'(2)')]]
2023-05-15 23:05:475 INFO  CartPage :123 - Verify total[[ChromeDriver: chrome on WINDOWS (bae41b818be5f27b2c17ef9834c71943)] -> xpath: //tbody/tr[1]/td[6]/span[1]]
2023-05-15 23:05:525 INFO  CartPage :93 - Click on check box[[ChromeDriver: chrome on WINDOWS (bae41b818be5f27b2c17ef9834c71943)] -> xpath: //input[@id='termsofservice']]
2023-05-15 23:05:590 INFO  CartPage :98 - Click on checkout button[[ChromeDriver: chrome on WINDOWS (bae41b818be5f27b2c17ef9834c71943)] -> xpath: //button[@id='checkout']]
2023-05-15 23:05:158 INFO  CartPage :138 - Verify welcome message[[ChromeDriver: chrome on WINDOWS (bae41b818be5f27b2c17ef9834c71943)] -> xpath: //h1[text()='Welcome, Please Sign In!']]
2023-05-15 23:05:176 INFO  CartPage :143 - Click on register tab[[ChromeDriver: chrome on WINDOWS (bae41b818be5f27b2c17ef9834c71943)] -> xpath: //button[text()='Register']]
2023-05-15 23:05:463 INFO  RegisterPage :56 - Verify register text[[ChromeDriver: chrome on WINDOWS (bae41b818be5f27b2c17ef9834c71943)] -> xpath: //h1[text()='Register']]
2023-05-15 23:05:485 INFO  RegisterPage :61 - Click on gender[[ChromeDriver: chrome on WINDOWS (bae41b818be5f27b2c17ef9834c71943)] -> xpath: //input[@value='F']]
2023-05-15 23:05:525 INFO  RegisterPage :63 - Enter first name[[ChromeDriver: chrome on WINDOWS (bae41b818be5f27b2c17ef9834c71943)] -> id: FirstName]
2023-05-15 23:05:593 INFO  RegisterPage :65 - Enter last name[[ChromeDriver: chrome on WINDOWS (bae41b818be5f27b2c17ef9834c71943)] -> id: LastName]
2023-05-15 23:05:643 INFO  RegisterPage :67 - Select day[[ChromeDriver: chrome on WINDOWS (bae41b818be5f27b2c17ef9834c71943)] -> name: DateOfBirthDay]
2023-05-15 23:05:716 INFO  RegisterPage :69 - Select month[[ChromeDriver: chrome on WINDOWS (bae41b818be5f27b2c17ef9834c71943)] -> name: DateOfBirthMonth]
2023-05-15 23:05:175 INFO  TopMenuPage :41 - Verify Computer text[[ChromeDriver: chrome on WINDOWS (d778be913116b2fa3a3af3f123dc674f)] -> xpath: //a[@href='/computers']]
2023-05-15 23:05:48 INFO  TopMenuPage :46 - Verify electronics text[[ChromeDriver: chrome on WINDOWS (cb06f42df608d1f139f03ab2be0fff3d)] -> xpath: //a[@href='/electronics']]
2023-05-15 23:05:968 INFO  TopMenuPage :51 - Verify apparel text[[ChromeDriver: chrome on WINDOWS (b9a28ab9c2cb2369f46b04490c388d97)] -> xpath: //a[@href='/apparel']]
2023-05-15 23:05:354 INFO  HomePage :34 - Click on computer menu[[ChromeDriver: chrome on WINDOWS (ba5260c0b5513f6503759c3a3b7c84d5)] -> xpath: //ul[1]/li/a[text()='Computers ']]
2023-05-15 23:05:261 INFO  ComputersPage :18 - Click on desktops[[ChromeDriver: chrome on WINDOWS (ba5260c0b5513f6503759c3a3b7c84d5)] -> xpath: //img[@alt='Picture for category Desktops']]
2023-05-15 23:05:49 INFO  DesktopsPage :26 - Select sort Z to A[[ChromeDriver: chrome on WINDOWS (ba5260c0b5513f6503759c3a3b7c84d5)] -> name: products-orderby]
2023-05-15 23:05:109 INFO  HomePage :34 - Click on computer menu[[ChromeDriver: chrome on WINDOWS (85a20dd87607158c0a098f42c361ed88)] -> xpath: //ul[1]/li/a[text()='Computers ']]
2023-05-15 23:05:562 INFO  ComputersPage :18 - Click on desktops[[ChromeDriver: chrome on WINDOWS (85a20dd87607158c0a098f42c361ed88)] -> xpath: //img[@alt='Picture for category Desktops']]
2023-05-15 23:05:937 INFO  DesktopsPage :31 - Select sort A to Z[[ChromeDriver: chrome on WINDOWS (85a20dd87607158c0a098f42c361ed88)] -> name: products-orderby]
2023-05-15 23:05:62 INFO  DesktopsPage :36 - CLick on add to cart button[[ChromeDriver: chrome on WINDOWS (85a20dd87607158c0a098f42c361ed88)] -> xpath: //body/div[6]/div[3]/div[1]/div[3]/div[1]/div[2]/div[2]/div[2]/div[1]/div[1]/div[1]/div[1]/div[2]/div[3]/div[2]/button[1]]
2023-05-15 23:05:995 INFO  BuildYourOwnComputerPage :59 - Get build your own computer text[[ChromeDriver: chrome on WINDOWS (85a20dd87607158c0a098f42c361ed88)] -> xpath: //h1[text()='Build your own computer']]
2023-05-15 23:05:30 INFO  BuildYourOwnComputerPage :64 - Select processor[[ChromeDriver: chrome on WINDOWS (85a20dd87607158c0a098f42c361ed88)] -> name: product_attribute_1]
2023-05-15 23:05:126 INFO  BuildYourOwnComputerPage :69 - Select ram[[ChromeDriver: chrome on WINDOWS (85a20dd87607158c0a098f42c361ed88)] -> name: product_attribute_2]
2023-05-15 23:05:211 INFO  BuildYourOwnComputerPage :74 - Select hdd[[ChromeDriver: chrome on WINDOWS (85a20dd87607158c0a098f42c361ed88)] -> id: product_attribute_3_7]
2023-05-15 23:05:279 INFO  BuildYourOwnComputerPage :79 - Select vista premium Os[[ChromeDriver: chrome on WINDOWS (85a20dd87607158c0a098f42c361ed88)] -> id: product_attribute_4_9]
2023-05-15 23:05:336 INFO  BuildYourOwnComputerPage :84 - Click on total command[[ChromeDriver: chrome on WINDOWS (85a20dd87607158c0a098f42c361ed88)] -> id: product_attribute_5_12]
2023-05-15 23:05:393 INFO  BuildYourOwnComputerPage :89 - Get price[[ChromeDriver: chrome on WINDOWS (85a20dd87607158c0a098f42c361ed88)] -> id: price-value-1]
2023-05-15 23:05:423 INFO  BuildYourOwnComputerPage :94 - Click on add to cart[[ChromeDriver: chrome on WINDOWS (85a20dd87607158c0a098f42c361ed88)] -> id: add-to-cart-button-1]
2023-05-15 23:05:697 INFO  BuildYourOwnComputerPage :99 - Get product added text[[ChromeDriver: chrome on WINDOWS (85a20dd87607158c0a098f42c361ed88)] -> xpath: //body/div[@id='bar-notification']/div[1]/p[1]]
2023-05-15 23:05:727 INFO  BuildYourOwnComputerPage :104 - Click on close button[[ChromeDriver: chrome on WINDOWS (85a20dd87607158c0a098f42c361ed88)] -> xpath: //span[@class='close']]
2023-05-15 23:05:798 INFO  BuildYourOwnComputerPage :109 - Mouse hover on shopping cart[[ChromeDriver: chrome on WINDOWS (85a20dd87607158c0a098f42c361ed88)] -> xpath: //span[@class='cart-label']]
2023-05-15 23:05:969 INFO  BuildYourOwnComputerPage :114 - Click on go to cart button[[ChromeDriver: chrome on WINDOWS (85a20dd87607158c0a098f42c361ed88)] -> xpath: //button[contains(text(),'Go to cart')]]
2023-05-15 23:05:328 INFO  CartPage :72 - Get shopping cart text[[ChromeDriver: chrome on WINDOWS (85a20dd87607158c0a098f42c361ed88)] -> xpath: //h1[text()='Shopping cart']]
2023-05-15 23:05:353 INFO  CartPage :77 - Change quantity[[ChromeDriver: chrome on WINDOWS (85a20dd87607158c0a098f42c361ed88)] -> xpath: //input[@value='1']]
2023-05-15 23:05:475 INFO  CartPage :83 - Click on update cart[[ChromeDriver: chrome on WINDOWS (85a20dd87607158c0a098f42c361ed88)] -> id: updatecart]
2023-05-15 23:05:885 INFO  CartPage :88 - Get total[[ChromeDriver: chrome on WINDOWS (85a20dd87607158c0a098f42c361ed88)] -> xpath: //tbody/tr[1]/td[6]/span[1]]
2023-05-15 23:05:903 INFO  CartPage :93 - Click on check box[[ChromeDriver: chrome on WINDOWS (85a20dd87607158c0a098f42c361ed88)] -> xpath: //input[@id='termsofservice']]
2023-05-15 23:05:956 INFO  CartPage :98 - Click on checkout button[[ChromeDriver: chrome on WINDOWS (85a20dd87607158c0a098f42c361ed88)] -> xpath: //button[@id='checkout']]
2023-05-15 23:05:501 INFO  CartPage :103 - Get welcome text[[ChromeDriver: chrome on WINDOWS (85a20dd87607158c0a098f42c361ed88)] -> xpath: //h1[text()='Welcome, Please Sign In!']]
2023-05-15 23:05:525 INFO  CartPage :108 - Click on checkout as guest[[ChromeDriver: chrome on WINDOWS (85a20dd87607158c0a098f42c361ed88)] -> xpath: //button[@class='button-1 checkout-as-guest-button']]
2023-05-15 23:05:206 INFO  CheckoutPage :82 - Enter first name[[ChromeDriver: chrome on WINDOWS (85a20dd87607158c0a098f42c361ed88)] -> id: BillingNewAddress_FirstName]
2023-05-15 23:05:295 INFO  CheckoutPage :84 - Enter last name[[ChromeDriver: chrome on WINDOWS (85a20dd87607158c0a098f42c361ed88)] -> id: BillingNewAddress_LastName]
2023-05-15 23:05:359 INFO  CheckoutPage :86 - Enter email id[[ChromeDriver: chrome on WINDOWS (85a20dd87607158c0a098f42c361ed88)] -> id: BillingNewAddress_Email]
2023-05-15 23:05:445 INFO  CheckoutPage :88 - Select country[[ChromeDriver: chrome on WINDOWS (85a20dd87607158c0a098f42c361ed88)] -> id: BillingNewAddress_CountryId]
2023-05-15 23:05:510 INFO  CheckoutPage :90 - Select city[[ChromeDriver: chrome on WINDOWS (85a20dd87607158c0a098f42c361ed88)] -> id: BillingNewAddress_City]
2023-05-15 23:05:575 INFO  CheckoutPage :92 - Enter address[[ChromeDriver: chrome on WINDOWS (85a20dd87607158c0a098f42c361ed88)] -> id: BillingNewAddress_Address1]
2023-05-15 23:05:659 INFO  CheckoutPage :94 - Enter postcode[[ChromeDriver: chrome on WINDOWS (85a20dd87607158c0a098f42c361ed88)] -> id: BillingNewAddress_ZipPostalCode]
2023-05-15 23:05:739 INFO  CheckoutPage :96 - Enter phone number[[ChromeDriver: chrome on WINDOWS (85a20dd87607158c0a098f42c361ed88)] -> id: BillingNewAddress_PhoneNumber]
2023-05-15 23:05:813 INFO  CheckoutPage :98 - Click on continue button[[ChromeDriver: chrome on WINDOWS (85a20dd87607158c0a098f42c361ed88)] -> name: save]
2023-05-15 23:05:135 INFO  CheckoutPage :103 - Click on next day button[[ChromeDriver: chrome on WINDOWS (85a20dd87607158c0a098f42c361ed88)] -> id: shippingoption_1]
2023-05-15 23:05:205 INFO  CheckoutPage :108 - Click on continue[[ChromeDriver: chrome on WINDOWS (85a20dd87607158c0a098f42c361ed88)] -> xpath: //button[@onclick='ShippingMethod.save()']]
2023-05-15 23:05:515 INFO  PaymentPage :43 - CLick on credit card radio button[[ChromeDriver: chrome on WINDOWS (85a20dd87607158c0a098f42c361ed88)] -> id: paymentmethod_1]
2023-05-15 23:05:580 INFO  PaymentPage :48 - Click on continue[[ChromeDriver: chrome on WINDOWS (85a20dd87607158c0a098f42c361ed88)] -> xpath: //li[4]/div[2]/div[1]/button[1]]
2023-05-15 23:05:828 INFO  PaymentPage :53 - Select master card[[ChromeDriver: chrome on WINDOWS (85a20dd87607158c0a098f42c361ed88)] -> id: CreditCardType]
2023-05-15 23:05:933 INFO  PaymentPage :58 - Enter card holder name[[ChromeDriver: chrome on WINDOWS (85a20dd87607158c0a098f42c361ed88)] -> id: CardholderName]
2023-05-15 23:05:49 INFO  PaymentPage :60 - Enter card number[[ChromeDriver: chrome on WINDOWS (85a20dd87607158c0a098f42c361ed88)] -> id: CardNumber]
2023-05-15 23:05:132 INFO  PaymentPage :62 - Select expire month[[ChromeDriver: chrome on WINDOWS (85a20dd87607158c0a098f42c361ed88)] -> id: ExpireMonth]
2023-05-15 23:05:194 INFO  PaymentPage :64 - Select expire year[[ChromeDriver: chrome on WINDOWS (85a20dd87607158c0a098f42c361ed88)] -> id: ExpireYear]
2023-05-15 23:05:275 INFO  PaymentPage :66 - Enter card code[[ChromeDriver: chrome on WINDOWS (85a20dd87607158c0a098f42c361ed88)] -> id: CardCode]
2023-05-15 23:05:366 INFO  PaymentPage :68 - Click on continue button[[ChromeDriver: chrome on WINDOWS (85a20dd87607158c0a098f42c361ed88)] -> xpath: //li[5]/div[2]/div[1]/button[1]]
2023-05-15 23:05:496 INFO  ConfirmOrderPage :56 - Get credit card textProxy element for: DefaultElementLocator 'By.xpath: //span[contains(text(),'Credit Card')]'
2023-05-15 23:05:588 INFO  HomePage :44 - Hover on electronic[[ChromeDriver: chrome on WINDOWS (9bd56791ff1f77ad1a4878ac11717165)] -> xpath: //a[text()='Electronics ']]
2023-05-15 23:05:768 INFO  HomePage :49 - Click on cell phones[[ChromeDriver: chrome on WINDOWS (9bd56791ff1f77ad1a4878ac11717165)] -> xpath: //ul[1]/li[2]/ul[1]/li[2]/a[1]]
2023-05-15 23:05:703 INFO  CellPhonesPage :49 - Get cell phone text[[ChromeDriver: chrome on WINDOWS (9bd56791ff1f77ad1a4878ac11717165)] -> xpath: //h1[text()='Cell phones']]
2023-05-15 23:05:612 INFO  HomePage :44 - Hover on electronic[[ChromeDriver: chrome on WINDOWS (733bbbc3398b7e59db8e2993a639ad85)] -> xpath: //a[text()='Electronics ']]
2023-05-15 23:05:774 INFO  HomePage :49 - Click on cell phones[[ChromeDriver: chrome on WINDOWS (733bbbc3398b7e59db8e2993a639ad85)] -> xpath: //ul[1]/li[2]/ul[1]/li[2]/a[1]]
2023-05-15 23:05:294 INFO  CellPhonesPage :49 - Get cell phone text[[ChromeDriver: chrome on WINDOWS (733bbbc3398b7e59db8e2993a639ad85)] -> xpath: //h1[text()='Cell phones']]
2023-05-15 23:05:328 INFO  CellPhonesPage :54 - Click on list view tab[[ChromeDriver: chrome on WINDOWS (733bbbc3398b7e59db8e2993a639ad85)] -> xpath: //a[contains(text(),'List')]]
2023-05-15 23:05:401 INFO  CellPhonesPage :59 - Click on nokia lumia product[[ChromeDriver: chrome on WINDOWS (733bbbc3398b7e59db8e2993a639ad85)] -> xpath: //div[3]/div[1]/div[2]/h2[1]/a]
2023-05-15 23:05:317 INFO  CellPhonesPage :64 - Verify nokia lumia text[[ChromeDriver: chrome on WINDOWS (733bbbc3398b7e59db8e2993a639ad85)] -> xpath: //h1[text()='Nokia Lumia 1020']]
2023-05-15 23:05:353 INFO  CellPhonesPage :69 - Verify price[[ChromeDriver: chrome on WINDOWS (733bbbc3398b7e59db8e2993a639ad85)] -> id: price-value-20]
2023-05-15 23:05:387 INFO  CellPhonesPage :74 - Change quantity[[ChromeDriver: chrome on WINDOWS (733bbbc3398b7e59db8e2993a639ad85)] -> name: addtocart_20.EnteredQuantity]
2023-05-15 23:05:590 INFO  CellPhonesPage :80 - Click on add to cart[[ChromeDriver: chrome on WINDOWS (733bbbc3398b7e59db8e2993a639ad85)] -> id: add-to-cart-button-20]
2023-05-15 23:05:911 INFO  CellPhonesPage :85 - Verify product added in shopping cart text[[ChromeDriver: chrome on WINDOWS (733bbbc3398b7e59db8e2993a639ad85)] -> xpath: //body/div[@id='bar-notification']/div[1]/p[1]]
2023-05-15 23:05:940 INFO  CellPhonesPage :90 - Click on close button[[ChromeDriver: chrome on WINDOWS (733bbbc3398b7e59db8e2993a639ad85)] -> xpath: //span[@title='Close']]
2023-05-15 23:05:16 INFO  CellPhonesPage :95 - Mouse hover on shopping cart[[ChromeDriver: chrome on WINDOWS (733bbbc3398b7e59db8e2993a639ad85)] -> xpath: //span[text()='Shopping cart']]
2023-05-15 23:05:32 INFO  CellPhonesPage :96 - Click on go to cart[[ChromeDriver: chrome on WINDOWS (733bbbc3398b7e59db8e2993a639ad85)] -> xpath: //button[text()='Go to cart']]
2023-05-15 23:05:577 INFO  CartPage :113 - Verify shopping cart text[[ChromeDriver: chrome on WINDOWS (733bbbc3398b7e59db8e2993a639ad85)] -> xpath: //h1[text()='Shopping cart']]
2023-05-15 23:05:601 INFO  CartPage :118 - Verify quantity[[ChromeDriver: chrome on WINDOWS (733bbbc3398b7e59db8e2993a639ad85)] -> xpath: //span[contains(text(),'(2)')]]
2023-05-15 23:05:633 INFO  CartPage :123 - Verify total[[ChromeDriver: chrome on WINDOWS (733bbbc3398b7e59db8e2993a639ad85)] -> xpath: //tbody/tr[1]/td[6]/span[1]]
2023-05-15 23:05:655 INFO  CartPage :93 - Click on check box[[ChromeDriver: chrome on WINDOWS (733bbbc3398b7e59db8e2993a639ad85)] -> xpath: //input[@id='termsofservice']]
2023-05-15 23:05:747 INFO  CartPage :98 - Click on checkout button[[ChromeDriver: chrome on WINDOWS (733bbbc3398b7e59db8e2993a639ad85)] -> xpath: //button[@id='checkout']]
2023-05-15 23:05:278 INFO  CartPage :138 - Verify welcome message[[ChromeDriver: chrome on WINDOWS (733bbbc3398b7e59db8e2993a639ad85)] -> xpath: //h1[text()='Welcome, Please Sign In!']]
2023-05-15 23:05:299 INFO  CartPage :143 - Click on register tab[[ChromeDriver: chrome on WINDOWS (733bbbc3398b7e59db8e2993a639ad85)] -> xpath: //button[text()='Register']]
2023-05-15 23:05:623 INFO  RegisterPage :56 - Verify register text[[ChromeDriver: chrome on WINDOWS (733bbbc3398b7e59db8e2993a639ad85)] -> xpath: //h1[text()='Register']]
2023-05-15 23:05:642 INFO  RegisterPage :61 - Click on gender[[ChromeDriver: chrome on WINDOWS (733bbbc3398b7e59db8e2993a639ad85)] -> xpath: //input[@value='F']]
2023-05-15 23:05:682 INFO  RegisterPage :63 - Enter first name[[ChromeDriver: chrome on WINDOWS (733bbbc3398b7e59db8e2993a639ad85)] -> id: FirstName]
2023-05-15 23:05:755 INFO  RegisterPage :65 - Enter last name[[ChromeDriver: chrome on WINDOWS (733bbbc3398b7e59db8e2993a639ad85)] -> id: LastName]
2023-05-15 23:05:817 INFO  RegisterPage :67 - Select day[[ChromeDriver: chrome on WINDOWS (733bbbc3398b7e59db8e2993a639ad85)] -> name: DateOfBirthDay]
2023-05-15 23:05:887 INFO  RegisterPage :69 - Select month[[ChromeDriver: chrome on WINDOWS (733bbbc3398b7e59db8e2993a639ad85)] -> name: DateOfBirthMonth]
2023-05-15 23:05:948 INFO  TopMenuPage :41 - Verify Computer text[[ChromeDriver: chrome on WINDOWS (f2c7f4af14918652052c8d7008b2e4ed)] -> xpath: //a[@href='/computers']]
2023-05-15 23:05:314 INFO  TopMenuPage :46 - Verify electronics text[[ChromeDriver: chrome on WINDOWS (15ad1b0087f99a3f0271022de51c8296)] -> xpath: //a[@href='/electronics']]
2023-05-15 23:05:144 INFO  TopMenuPage :51 - Verify apparel text[[ChromeDriver: chrome on WINDOWS (81db76c0f63853cde44f641e6bb2ab40)] -> xpath: //a[@href='/apparel']]
2023-05-16 18:05:979 INFO  HomePage :34 - Click on computer menu[[ChromeDriver: chrome on WINDOWS (fbb179155882f93d13384fe8a0acbffe)] -> xpath: //ul[1]/li/a[text()='Computers ']]
2023-05-16 18:05:929 INFO  ComputersPage :18 - Click on desktops[[ChromeDriver: chrome on WINDOWS (fbb179155882f93d13384fe8a0acbffe)] -> xpath: //img[@alt='Picture for category Desktops']]
2023-05-16 18:05:732 INFO  DesktopsPage :26 - Select sort Z to A[[ChromeDriver: chrome on WINDOWS (fbb179155882f93d13384fe8a0acbffe)] -> name: products-orderby]
2023-05-16 18:05:833 INFO  HomePage :34 - Click on computer menu[[ChromeDriver: chrome on WINDOWS (3d1ef7227a59556d03c13232acc5c8e4)] -> xpath: //ul[1]/li/a[text()='Computers ']]
2023-05-16 18:05:820 INFO  ComputersPage :18 - Click on desktops[[ChromeDriver: chrome on WINDOWS (3d1ef7227a59556d03c13232acc5c8e4)] -> xpath: //img[@alt='Picture for category Desktops']]
2023-05-16 18:05:244 INFO  DesktopsPage :31 - Select sort A to Z[[ChromeDriver: chrome on WINDOWS (3d1ef7227a59556d03c13232acc5c8e4)] -> name: products-orderby]
2023-05-16 18:05:361 INFO  DesktopsPage :36 - CLick on add to cart button[[ChromeDriver: chrome on WINDOWS (3d1ef7227a59556d03c13232acc5c8e4)] -> xpath: //body/div[6]/div[3]/div[1]/div[3]/div[1]/div[2]/div[2]/div[2]/div[1]/div[1]/div[1]/div[1]/div[2]/div[3]/div[2]/button[1]]
2023-05-16 18:05:439 INFO  BuildYourOwnComputerPage :59 - Get build your own computer text[[ChromeDriver: chrome on WINDOWS (3d1ef7227a59556d03c13232acc5c8e4)] -> xpath: //h1[text()='Build your own computer']]
2023-05-16 18:05:488 INFO  BuildYourOwnComputerPage :64 - Select processor[[ChromeDriver: chrome on WINDOWS (3d1ef7227a59556d03c13232acc5c8e4)] -> name: product_attribute_1]
2023-05-16 18:05:608 INFO  BuildYourOwnComputerPage :69 - Select ram[[ChromeDriver: chrome on WINDOWS (3d1ef7227a59556d03c13232acc5c8e4)] -> name: product_attribute_2]
2023-05-16 18:05:691 INFO  BuildYourOwnComputerPage :74 - Select hdd[[ChromeDriver: chrome on WINDOWS (3d1ef7227a59556d03c13232acc5c8e4)] -> id: product_attribute_3_7]
2023-05-16 18:05:763 INFO  BuildYourOwnComputerPage :79 - Select vista premium Os[[ChromeDriver: chrome on WINDOWS (3d1ef7227a59556d03c13232acc5c8e4)] -> id: product_attribute_4_9]
2023-05-16 18:05:822 INFO  BuildYourOwnComputerPage :84 - Click on total command[[ChromeDriver: chrome on WINDOWS (3d1ef7227a59556d03c13232acc5c8e4)] -> id: product_attribute_5_12]
2023-05-16 18:05:892 INFO  BuildYourOwnComputerPage :89 - Get price[[ChromeDriver: chrome on WINDOWS (3d1ef7227a59556d03c13232acc5c8e4)] -> id: price-value-1]
2023-05-16 18:05:933 INFO  BuildYourOwnComputerPage :94 - Click on add to cart[[ChromeDriver: chrome on WINDOWS (3d1ef7227a59556d03c13232acc5c8e4)] -> id: add-to-cart-button-1]
2023-05-16 18:05:345 INFO  BuildYourOwnComputerPage :99 - Get product added text[[ChromeDriver: chrome on WINDOWS (3d1ef7227a59556d03c13232acc5c8e4)] -> xpath: //body/div[@id='bar-notification']/div[1]/p[1]]
2023-05-16 18:05:389 INFO  BuildYourOwnComputerPage :104 - Click on close button[[ChromeDriver: chrome on WINDOWS (3d1ef7227a59556d03c13232acc5c8e4)] -> xpath: //span[@class='close']]
2023-05-16 18:05:489 INFO  BuildYourOwnComputerPage :109 - Mouse hover on shopping cart[[ChromeDriver: chrome on WINDOWS (3d1ef7227a59556d03c13232acc5c8e4)] -> xpath: //span[@class='cart-label']]
2023-05-16 18:05:684 INFO  BuildYourOwnComputerPage :114 - Click on go to cart button[[ChromeDriver: chrome on WINDOWS (3d1ef7227a59556d03c13232acc5c8e4)] -> xpath: //button[contains(text(),'Go to cart')]]
2023-05-16 18:05:56 INFO  CartPage :72 - Get shopping cart text[[ChromeDriver: chrome on WINDOWS (3d1ef7227a59556d03c13232acc5c8e4)] -> xpath: //h1[text()='Shopping cart']]
2023-05-16 18:05:98 INFO  CartPage :77 - Change quantity[[ChromeDriver: chrome on WINDOWS (3d1ef7227a59556d03c13232acc5c8e4)] -> xpath: //input[@value='1']]
2023-05-16 18:05:291 INFO  CartPage :83 - Click on update cart[[ChromeDriver: chrome on WINDOWS (3d1ef7227a59556d03c13232acc5c8e4)] -> id: updatecart]
2023-05-16 18:05:790 INFO  CartPage :88 - Get total[[ChromeDriver: chrome on WINDOWS (3d1ef7227a59556d03c13232acc5c8e4)] -> xpath: //tbody/tr[1]/td[6]/span[1]]
2023-05-16 18:05:827 INFO  CartPage :93 - Click on check box[[ChromeDriver: chrome on WINDOWS (3d1ef7227a59556d03c13232acc5c8e4)] -> xpath: //input[@id='termsofservice']]
2023-05-16 18:05:898 INFO  CartPage :98 - Click on checkout button[[ChromeDriver: chrome on WINDOWS (3d1ef7227a59556d03c13232acc5c8e4)] -> xpath: //button[@id='checkout']]
2023-05-16 18:05:499 INFO  CartPage :103 - Get welcome text[[ChromeDriver: chrome on WINDOWS (3d1ef7227a59556d03c13232acc5c8e4)] -> xpath: //h1[text()='Welcome, Please Sign In!']]
2023-05-16 18:05:528 INFO  CartPage :108 - Click on checkout as guest[[ChromeDriver: chrome on WINDOWS (3d1ef7227a59556d03c13232acc5c8e4)] -> xpath: //button[@class='button-1 checkout-as-guest-button']]
2023-05-16 18:05:266 INFO  CheckoutPage :82 - Enter first name[[ChromeDriver: chrome on WINDOWS (3d1ef7227a59556d03c13232acc5c8e4)] -> id: BillingNewAddress_FirstName]
2023-05-16 18:05:353 INFO  CheckoutPage :84 - Enter last name[[ChromeDriver: chrome on WINDOWS (3d1ef7227a59556d03c13232acc5c8e4)] -> id: BillingNewAddress_LastName]
2023-05-16 18:05:437 INFO  CheckoutPage :86 - Enter email id[[ChromeDriver: chrome on WINDOWS (3d1ef7227a59556d03c13232acc5c8e4)] -> id: BillingNewAddress_Email]
2023-05-16 18:05:557 INFO  CheckoutPage :88 - Select country[[ChromeDriver: chrome on WINDOWS (3d1ef7227a59556d03c13232acc5c8e4)] -> id: BillingNewAddress_CountryId]
2023-05-16 18:05:652 INFO  CheckoutPage :90 - Select city[[ChromeDriver: chrome on WINDOWS (3d1ef7227a59556d03c13232acc5c8e4)] -> id: BillingNewAddress_City]
2023-05-16 18:05:733 INFO  CheckoutPage :92 - Enter address[[ChromeDriver: chrome on WINDOWS (3d1ef7227a59556d03c13232acc5c8e4)] -> id: BillingNewAddress_Address1]
2023-05-16 18:05:838 INFO  CheckoutPage :94 - Enter postcode[[ChromeDriver: chrome on WINDOWS (3d1ef7227a59556d03c13232acc5c8e4)] -> id: BillingNewAddress_ZipPostalCode]
2023-05-16 18:05:931 INFO  CheckoutPage :96 - Enter phone number[[ChromeDriver: chrome on WINDOWS (3d1ef7227a59556d03c13232acc5c8e4)] -> id: BillingNewAddress_PhoneNumber]
2023-05-16 18:05:22 INFO  CheckoutPage :98 - Click on continue button[[ChromeDriver: chrome on WINDOWS (3d1ef7227a59556d03c13232acc5c8e4)] -> name: save]
2023-05-16 18:05:441 INFO  CheckoutPage :103 - Click on next day button[[ChromeDriver: chrome on WINDOWS (3d1ef7227a59556d03c13232acc5c8e4)] -> id: shippingoption_1]
2023-05-16 18:05:560 INFO  CheckoutPage :108 - Click on continue[[ChromeDriver: chrome on WINDOWS (3d1ef7227a59556d03c13232acc5c8e4)] -> xpath: //button[@onclick='ShippingMethod.save()']]
2023-05-16 18:05:941 INFO  PaymentPage :43 - CLick on credit card radio button[[ChromeDriver: chrome on WINDOWS (3d1ef7227a59556d03c13232acc5c8e4)] -> id: paymentmethod_1]
2023-05-16 18:05:21 INFO  PaymentPage :48 - Click on continue[[ChromeDriver: chrome on WINDOWS (3d1ef7227a59556d03c13232acc5c8e4)] -> xpath: //li[4]/div[2]/div[1]/button[1]]
2023-05-16 18:05:420 INFO  PaymentPage :53 - Select master card[[ChromeDriver: chrome on WINDOWS (3d1ef7227a59556d03c13232acc5c8e4)] -> id: CreditCardType]
2023-05-16 18:05:509 INFO  PaymentPage :58 - Enter card holder name[[ChromeDriver: chrome on WINDOWS (3d1ef7227a59556d03c13232acc5c8e4)] -> id: CardholderName]
2023-05-16 18:05:606 INFO  PaymentPage :60 - Enter card number[[ChromeDriver: chrome on WINDOWS (3d1ef7227a59556d03c13232acc5c8e4)] -> id: CardNumber]
2023-05-16 18:05:769 INFO  PaymentPage :62 - Select expire month[[ChromeDriver: chrome on WINDOWS (3d1ef7227a59556d03c13232acc5c8e4)] -> id: ExpireMonth]
2023-05-16 18:05:849 INFO  PaymentPage :64 - Select expire year[[ChromeDriver: chrome on WINDOWS (3d1ef7227a59556d03c13232acc5c8e4)] -> id: ExpireYear]
2023-05-16 18:05:930 INFO  PaymentPage :66 - Enter card code[[ChromeDriver: chrome on WINDOWS (3d1ef7227a59556d03c13232acc5c8e4)] -> id: CardCode]
2023-05-16 18:05:994 INFO  PaymentPage :68 - Click on continue button[[ChromeDriver: chrome on WINDOWS (3d1ef7227a59556d03c13232acc5c8e4)] -> xpath: //li[5]/div[2]/div[1]/button[1]]
2023-05-16 18:05:122 INFO  ConfirmOrderPage :56 - Get credit card textProxy element for: DefaultElementLocator 'By.xpath: //span[contains(text(),'Credit Card')]'
2023-05-16 18:05:71 INFO  HomePage :44 - Hover on electronic[[ChromeDriver: chrome on WINDOWS (e83c02f727dab79f711ec0cf29628786)] -> xpath: //a[text()='Electronics ']]
2023-05-16 18:05:225 INFO  HomePage :49 - Click on cell phones[[ChromeDriver: chrome on WINDOWS (e83c02f727dab79f711ec0cf29628786)] -> xpath: //ul[1]/li[2]/ul[1]/li[2]/a[1]]
2023-05-16 18:05:213 INFO  CellPhonesPage :49 - Get cell phone text[[ChromeDriver: chrome on WINDOWS (e83c02f727dab79f711ec0cf29628786)] -> xpath: //h1[text()='Cell phones']]
2023-05-16 18:05:174 INFO  HomePage :44 - Hover on electronic[[ChromeDriver: chrome on WINDOWS (b35a0c7c686917c04ca2c6d3bce10721)] -> xpath: //a[text()='Electronics ']]
2023-05-16 18:05:345 INFO  HomePage :49 - Click on cell phones[[ChromeDriver: chrome on WINDOWS (b35a0c7c686917c04ca2c6d3bce10721)] -> xpath: //ul[1]/li[2]/ul[1]/li[2]/a[1]]
2023-05-16 18:05:840 INFO  CellPhonesPage :49 - Get cell phone text[[ChromeDriver: chrome on WINDOWS (b35a0c7c686917c04ca2c6d3bce10721)] -> xpath: //h1[text()='Cell phones']]
2023-05-16 18:05:874 INFO  CellPhonesPage :54 - Click on list view tab[[ChromeDriver: chrome on WINDOWS (b35a0c7c686917c04ca2c6d3bce10721)] -> xpath: //a[contains(text(),'List')]]
2023-05-16 18:05:946 INFO  CellPhonesPage :59 - Click on nokia lumia product[[ChromeDriver: chrome on WINDOWS (b35a0c7c686917c04ca2c6d3bce10721)] -> xpath: //div[3]/div[1]/div[2]/h2[1]/a]
2023-05-16 18:05:949 INFO  CellPhonesPage :64 - Verify nokia lumia text[[ChromeDriver: chrome on WINDOWS (b35a0c7c686917c04ca2c6d3bce10721)] -> xpath: //h1[text()='Nokia Lumia 1020']]
2023-05-16 18:05:981 INFO  CellPhonesPage :69 - Verify price[[ChromeDriver: chrome on WINDOWS (b35a0c7c686917c04ca2c6d3bce10721)] -> id: price-value-20]
2023-05-16 18:05:13 INFO  CellPhonesPage :74 - Change quantity[[ChromeDriver: chrome on WINDOWS (b35a0c7c686917c04ca2c6d3bce10721)] -> name: addtocart_20.EnteredQuantity]
2023-05-16 18:05:176 INFO  CellPhonesPage :80 - Click on add to cart[[ChromeDriver: chrome on WINDOWS (b35a0c7c686917c04ca2c6d3bce10721)] -> id: add-to-cart-button-20]
2023-05-16 18:05:449 INFO  CellPhonesPage :85 - Verify product added in shopping cart text[[ChromeDriver: chrome on WINDOWS (b35a0c7c686917c04ca2c6d3bce10721)] -> xpath: //body/div[@id='bar-notification']/div[1]/p[1]]
2023-05-16 18:05:483 INFO  CellPhonesPage :90 - Click on close button[[ChromeDriver: chrome on WINDOWS (b35a0c7c686917c04ca2c6d3bce10721)] -> xpath: //span[@title='Close']]
2023-05-16 18:05:539 INFO  CellPhonesPage :95 - Mouse hover on shopping cart[[ChromeDriver: chrome on WINDOWS (b35a0c7c686917c04ca2c6d3bce10721)] -> xpath: //span[text()='Shopping cart']]
2023-05-16 18:05:555 INFO  CellPhonesPage :96 - Click on go to cart[[ChromeDriver: chrome on WINDOWS (b35a0c7c686917c04ca2c6d3bce10721)] -> xpath: //button[text()='Go to cart']]
2023-05-16 18:05:121 INFO  CartPage :113 - Verify shopping cart text[[ChromeDriver: chrome on WINDOWS (b35a0c7c686917c04ca2c6d3bce10721)] -> xpath: //h1[text()='Shopping cart']]
2023-05-16 18:05:152 INFO  CartPage :118 - Verify quantity[[ChromeDriver: chrome on WINDOWS (b35a0c7c686917c04ca2c6d3bce10721)] -> xpath: //span[contains(text(),'(2)')]]
2023-05-16 18:05:192 INFO  CartPage :123 - Verify total[[ChromeDriver: chrome on WINDOWS (b35a0c7c686917c04ca2c6d3bce10721)] -> xpath: //tbody/tr[1]/td[6]/span[1]]
2023-05-16 18:05:220 INFO  CartPage :93 - Click on check box[[ChromeDriver: chrome on WINDOWS (b35a0c7c686917c04ca2c6d3bce10721)] -> xpath: //input[@id='termsofservice']]
2023-05-16 18:05:293 INFO  CartPage :98 - Click on checkout button[[ChromeDriver: chrome on WINDOWS (b35a0c7c686917c04ca2c6d3bce10721)] -> xpath: //button[@id='checkout']]
2023-05-16 18:05:55 INFO  CartPage :138 - Verify welcome message[[ChromeDriver: chrome on WINDOWS (b35a0c7c686917c04ca2c6d3bce10721)] -> xpath: //h1[text()='Welcome, Please Sign In!']]
2023-05-16 18:05:87 INFO  CartPage :143 - Click on register tab[[ChromeDriver: chrome on WINDOWS (b35a0c7c686917c04ca2c6d3bce10721)] -> xpath: //button[text()='Register']]
2023-05-16 18:05:470 INFO  RegisterPage :56 - Verify register text[[ChromeDriver: chrome on WINDOWS (b35a0c7c686917c04ca2c6d3bce10721)] -> xpath: //h1[text()='Register']]
2023-05-16 18:05:510 INFO  RegisterPage :61 - Click on gender[[ChromeDriver: chrome on WINDOWS (b35a0c7c686917c04ca2c6d3bce10721)] -> xpath: //input[@value='F']]
2023-05-16 18:05:587 INFO  RegisterPage :63 - Enter first name[[ChromeDriver: chrome on WINDOWS (b35a0c7c686917c04ca2c6d3bce10721)] -> id: FirstName]
2023-05-16 18:05:653 INFO  RegisterPage :65 - Enter last name[[ChromeDriver: chrome on WINDOWS (b35a0c7c686917c04ca2c6d3bce10721)] -> id: LastName]
2023-05-16 18:05:720 INFO  RegisterPage :67 - Select day[[ChromeDriver: chrome on WINDOWS (b35a0c7c686917c04ca2c6d3bce10721)] -> name: DateOfBirthDay]
2023-05-16 18:05:817 INFO  RegisterPage :69 - Select month[[ChromeDriver: chrome on WINDOWS (b35a0c7c686917c04ca2c6d3bce10721)] -> name: DateOfBirthMonth]
2023-05-16 18:05:671 INFO  TopMenuPage :41 - Verify Computer text[[ChromeDriver: chrome on WINDOWS (369f63b9e5739e4db41267cfb80bdeaf)] -> xpath: //a[@href='/computers']]
2023-05-16 18:05:430 INFO  TopMenuPage :46 - Verify electronics text[[ChromeDriver: chrome on WINDOWS (6306f0fcaf1936ec62b865c9525b9a32)] -> xpath: //a[@href='/electronics']]
2023-05-16 18:05:627 INFO  TopMenuPage :51 - Verify apparel text[[ChromeDriver: chrome on WINDOWS (695bf1c1d75f5c00f429f6a2bdb53143)] -> xpath: //a[@href='/apparel']]
2023-05-16 19:05:86 INFO  HomePage :34 - Click on computer menu[[ChromeDriver: chrome on WINDOWS (d0f1257aa448087dede1b356e4ba1876)] -> xpath: //ul[1]/li/a[text()='Computers ']]
2023-05-16 19:05:547 INFO  ComputersPage :18 - Click on desktops[[ChromeDriver: chrome on WINDOWS (d0f1257aa448087dede1b356e4ba1876)] -> xpath: //img[@alt='Picture for category Desktops']]
2023-05-16 19:05:941 INFO  DesktopsPage :31 - Select sort A to Z[[ChromeDriver: chrome on WINDOWS (d0f1257aa448087dede1b356e4ba1876)] -> name: products-orderby]
2023-05-16 19:05:75 INFO  DesktopsPage :36 - CLick on add to cart button[[ChromeDriver: chrome on WINDOWS (d0f1257aa448087dede1b356e4ba1876)] -> xpath: //body/div[6]/div[3]/div[1]/div[3]/div[1]/div[2]/div[2]/div[2]/div[1]/div[1]/div[1]/div[1]/div[2]/div[3]/div[2]/button[1]]
2023-05-16 19:05:712 INFO  BuildYourOwnComputerPage :59 - Get build your own computer text[[ChromeDriver: chrome on WINDOWS (d0f1257aa448087dede1b356e4ba1876)] -> xpath: //h1[text()='Build your own computer']]
2023-05-16 19:05:776 INFO  BuildYourOwnComputerPage :64 - Select processor[[ChromeDriver: chrome on WINDOWS (d0f1257aa448087dede1b356e4ba1876)] -> name: product_attribute_1]
2023-05-16 19:05:923 INFO  BuildYourOwnComputerPage :69 - Select ram[[ChromeDriver: chrome on WINDOWS (d0f1257aa448087dede1b356e4ba1876)] -> name: product_attribute_2]
2023-05-16 19:05:24 INFO  BuildYourOwnComputerPage :74 - Select hdd[[ChromeDriver: chrome on WINDOWS (d0f1257aa448087dede1b356e4ba1876)] -> id: product_attribute_3_7]
2023-05-16 19:05:97 INFO  BuildYourOwnComputerPage :79 - Select vista premium Os[[ChromeDriver: chrome on WINDOWS (d0f1257aa448087dede1b356e4ba1876)] -> id: product_attribute_4_9]
2023-05-16 19:05:156 INFO  BuildYourOwnComputerPage :84 - Click on total command[[ChromeDriver: chrome on WINDOWS (d0f1257aa448087dede1b356e4ba1876)] -> id: product_attribute_5_12]
2023-05-16 19:05:245 INFO  BuildYourOwnComputerPage :89 - Get price[[ChromeDriver: chrome on WINDOWS (d0f1257aa448087dede1b356e4ba1876)] -> id: price-value-1]
2023-05-16 19:05:416 INFO  HomePage :44 - Hover on electronic[[ChromeDriver: chrome on WINDOWS (5b43345581fd27702a81621d04035b95)] -> xpath: //a[text()='Electronics ']]
2023-05-16 19:05:615 INFO  HomePage :49 - Click on cell phones[[ChromeDriver: chrome on WINDOWS (5b43345581fd27702a81621d04035b95)] -> xpath: //ul[1]/li[2]/ul[1]/li[2]/a[1]]
2023-05-16 19:05:562 INFO  CellPhonesPage :49 - Get cell phone text[[ChromeDriver: chrome on WINDOWS (5b43345581fd27702a81621d04035b95)] -> xpath: //h1[text()='Cell phones']]
2023-05-16 19:05:601 INFO  CellPhonesPage :54 - Click on list view tab[[ChromeDriver: chrome on WINDOWS (5b43345581fd27702a81621d04035b95)] -> xpath: //a[contains(text(),'List')]]
2023-05-16 19:05:682 INFO  CellPhonesPage :59 - Click on nokia lumia product[[ChromeDriver: chrome on WINDOWS (5b43345581fd27702a81621d04035b95)] -> xpath: //div[3]/div[1]/div[2]/h2[1]/a]
2023-05-16 19:05:77 INFO  CellPhonesPage :64 - Verify nokia lumia text[[ChromeDriver: chrome on WINDOWS (5b43345581fd27702a81621d04035b95)] -> xpath: //h1[text()='Nokia Lumia 1020']]
2023-05-16 19:05:124 INFO  CellPhonesPage :69 - Verify price[[ChromeDriver: chrome on WINDOWS (5b43345581fd27702a81621d04035b95)] -> id: price-value-20]
2023-05-16 19:05:170 INFO  CellPhonesPage :74 - Change quantity[[ChromeDriver: chrome on WINDOWS (5b43345581fd27702a81621d04035b95)] -> name: addtocart_20.EnteredQuantity]
2023-05-16 19:05:401 INFO  CellPhonesPage :80 - Click on add to cart[[ChromeDriver: chrome on WINDOWS (5b43345581fd27702a81621d04035b95)] -> id: add-to-cart-button-20]
2023-05-16 19:05:715 INFO  CellPhonesPage :85 - Verify product added in shopping cart text[[ChromeDriver: chrome on WINDOWS (5b43345581fd27702a81621d04035b95)] -> xpath: //body/div[@id='bar-notification']/div[1]/p[1]]
2023-05-16 19:05:754 INFO  CellPhonesPage :90 - Click on close button[[ChromeDriver: chrome on WINDOWS (5b43345581fd27702a81621d04035b95)] -> xpath: //span[@title='Close']]
2023-05-16 19:05:871 INFO  CellPhonesPage :95 - Mouse hover on shopping cart[[ChromeDriver: chrome on WINDOWS (5b43345581fd27702a81621d04035b95)] -> xpath: //span[text()='Shopping cart']]
2023-05-16 19:05:891 INFO  CellPhonesPage :96 - Click on go to cart[[ChromeDriver: chrome on WINDOWS (5b43345581fd27702a81621d04035b95)] -> xpath: //button[text()='Go to cart']]
2023-05-16 19:05:368 INFO  CartPage :113 - Verify shopping cart text[[ChromeDriver: chrome on WINDOWS (5b43345581fd27702a81621d04035b95)] -> xpath: //h1[text()='Shopping cart']]
2023-05-16 19:05:400 INFO  CartPage :118 - Verify quantity[[ChromeDriver: chrome on WINDOWS (5b43345581fd27702a81621d04035b95)] -> xpath: //span[contains(text(),'(2)')]]
2023-05-16 19:05:433 INFO  CartPage :123 - Verify total[[ChromeDriver: chrome on WINDOWS (5b43345581fd27702a81621d04035b95)] -> xpath: //tbody/tr[1]/td[6]/span[1]]
2023-05-16 19:05:472 INFO  CartPage :93 - Click on check box[[ChromeDriver: chrome on WINDOWS (5b43345581fd27702a81621d04035b95)] -> xpath: //input[@id='termsofservice']]
2023-05-16 19:05:560 INFO  CartPage :98 - Click on checkout button[[ChromeDriver: chrome on WINDOWS (5b43345581fd27702a81621d04035b95)] -> xpath: //button[@id='checkout']]
2023-05-16 19:05:335 INFO  CartPage :138 - Verify welcome message[[ChromeDriver: chrome on WINDOWS (5b43345581fd27702a81621d04035b95)] -> xpath: //h1[text()='Welcome, Please Sign In!']]
2023-05-16 19:05:369 INFO  CartPage :143 - Click on register tab[[ChromeDriver: chrome on WINDOWS (5b43345581fd27702a81621d04035b95)] -> xpath: //button[text()='Register']]
2023-05-16 19:05:831 INFO  RegisterPage :56 - Verify register text[[ChromeDriver: chrome on WINDOWS (5b43345581fd27702a81621d04035b95)] -> xpath: //h1[text()='Register']]
2023-05-16 19:05:860 INFO  RegisterPage :61 - Click on gender[[ChromeDriver: chrome on WINDOWS (5b43345581fd27702a81621d04035b95)] -> xpath: //input[@value='F']]
2023-05-16 19:05:942 INFO  RegisterPage :63 - Enter first name[[ChromeDriver: chrome on WINDOWS (5b43345581fd27702a81621d04035b95)] -> id: FirstName]
2023-05-16 19:05:09 INFO  RegisterPage :65 - Enter last name[[ChromeDriver: chrome on WINDOWS (5b43345581fd27702a81621d04035b95)] -> id: LastName]
2023-05-16 19:05:82 INFO  RegisterPage :67 - Select day[[ChromeDriver: chrome on WINDOWS (5b43345581fd27702a81621d04035b95)] -> name: DateOfBirthDay]
2023-05-16 19:05:166 INFO  RegisterPage :69 - Select month[[ChromeDriver: chrome on WINDOWS (5b43345581fd27702a81621d04035b95)] -> name: DateOfBirthMonth]
2023-05-16 19:05:547 INFO  TopMenuPage :46 - Verify electronics text[[ChromeDriver: chrome on WINDOWS (3c3f279505da62257a5e4b1dff7ec685)] -> xpath: //a[@href='/electronics']]
2023-05-16 19:05:603 INFO  HomePage :34 - Click on computer menu[[ChromeDriver: chrome on WINDOWS (3266e11e78cdaa1da7323705db2a4b23)] -> xpath: //ul[1]/li/a[text()='Computers ']]
2023-05-16 19:05:515 INFO  ComputersPage :18 - Click on desktops[[ChromeDriver: chrome on WINDOWS (3266e11e78cdaa1da7323705db2a4b23)] -> xpath: //img[@alt='Picture for category Desktops']]
2023-05-16 19:05:344 INFO  DesktopsPage :26 - Select sort Z to A[[ChromeDriver: chrome on WINDOWS (3266e11e78cdaa1da7323705db2a4b23)] -> name: products-orderby]
2023-05-16 19:05:766 INFO  HomePage :44 - Hover on electronic[[ChromeDriver: chrome on WINDOWS (13639c8ef697449c1596b0ce755313d3)] -> xpath: //a[text()='Electronics ']]
2023-05-16 19:05:917 INFO  HomePage :49 - Click on cell phones[[ChromeDriver: chrome on WINDOWS (13639c8ef697449c1596b0ce755313d3)] -> xpath: //ul[1]/li[2]/ul[1]/li[2]/a[1]]
2023-05-16 19:05:839 INFO  CellPhonesPage :49 - Get cell phone text[[ChromeDriver: chrome on WINDOWS (13639c8ef697449c1596b0ce755313d3)] -> xpath: //h1[text()='Cell phones']]
2023-05-16 19:05:100 INFO  TopMenuPage :41 - Verify Computer text[[ChromeDriver: chrome on WINDOWS (2115125f293fbf24a96b1ee0560d9948)] -> xpath: //a[@href='/computers']]
2023-05-16 19:05:115 INFO  HomePage :34 - Click on computer menu[[ChromeDriver: chrome on WINDOWS (4cb4a700859e8f9256a41dfa59daa792)] -> xpath: //ul[1]/li/a[text()='Computers ']]
2023-05-16 19:05:62 INFO  ComputersPage :18 - Click on desktops[[ChromeDriver: chrome on WINDOWS (4cb4a700859e8f9256a41dfa59daa792)] -> xpath: //img[@alt='Picture for category Desktops']]
2023-05-16 19:05:903 INFO  DesktopsPage :26 - Select sort Z to A[[ChromeDriver: chrome on WINDOWS (4cb4a700859e8f9256a41dfa59daa792)] -> name: products-orderby]
2023-05-16 19:05:886 INFO  HomePage :34 - Click on computer menu[[ChromeDriver: chrome on WINDOWS (b2ea29a6d5f78b7d5388e583cd9f3415)] -> xpath: //ul[1]/li/a[text()='Computers ']]
2023-05-16 19:05:491 INFO  ComputersPage :18 - Click on desktops[[ChromeDriver: chrome on WINDOWS (b2ea29a6d5f78b7d5388e583cd9f3415)] -> xpath: //img[@alt='Picture for category Desktops']]
2023-05-16 19:05:891 INFO  DesktopsPage :31 - Select sort A to Z[[ChromeDriver: chrome on WINDOWS (b2ea29a6d5f78b7d5388e583cd9f3415)] -> name: products-orderby]
2023-05-16 19:05:44 INFO  DesktopsPage :36 - CLick on add to cart button[[ChromeDriver: chrome on WINDOWS (b2ea29a6d5f78b7d5388e583cd9f3415)] -> xpath: //body/div[6]/div[3]/div[1]/div[3]/div[1]/div[2]/div[2]/div[2]/div[1]/div[1]/div[1]/div[1]/div[2]/div[3]/div[2]/button[1]]
2023-05-16 19:05:245 INFO  BuildYourOwnComputerPage :59 - Get build your own computer text[[ChromeDriver: chrome on WINDOWS (b2ea29a6d5f78b7d5388e583cd9f3415)] -> xpath: //h1[text()='Build your own computer']]
2023-05-16 19:05:303 INFO  BuildYourOwnComputerPage :64 - Select processor[[ChromeDriver: chrome on WINDOWS (b2ea29a6d5f78b7d5388e583cd9f3415)] -> name: product_attribute_1]
2023-05-16 19:05:430 INFO  BuildYourOwnComputerPage :69 - Select ram[[ChromeDriver: chrome on WINDOWS (b2ea29a6d5f78b7d5388e583cd9f3415)] -> name: product_attribute_2]
2023-05-16 19:05:541 INFO  BuildYourOwnComputerPage :74 - Select hdd[[ChromeDriver: chrome on WINDOWS (b2ea29a6d5f78b7d5388e583cd9f3415)] -> id: product_attribute_3_7]
2023-05-16 19:05:619 INFO  BuildYourOwnComputerPage :79 - Select vista premium Os[[ChromeDriver: chrome on WINDOWS (b2ea29a6d5f78b7d5388e583cd9f3415)] -> id: product_attribute_4_9]
2023-05-16 19:05:677 INFO  BuildYourOwnComputerPage :84 - Click on total command[[ChromeDriver: chrome on WINDOWS (b2ea29a6d5f78b7d5388e583cd9f3415)] -> id: product_attribute_5_12]
2023-05-16 19:05:732 INFO  BuildYourOwnComputerPage :89 - Get price[[ChromeDriver: chrome on WINDOWS (b2ea29a6d5f78b7d5388e583cd9f3415)] -> id: price-value-1]
2023-05-16 19:05:768 INFO  BuildYourOwnComputerPage :94 - Click on add to cart[[ChromeDriver: chrome on WINDOWS (b2ea29a6d5f78b7d5388e583cd9f3415)] -> id: add-to-cart-button-1]
2023-05-16 19:05:54 INFO  BuildYourOwnComputerPage :99 - Get product added text[[ChromeDriver: chrome on WINDOWS (b2ea29a6d5f78b7d5388e583cd9f3415)] -> xpath: //body/div[@id='bar-notification']/div[1]/p[1]]
2023-05-16 19:05:103 INFO  BuildYourOwnComputerPage :104 - Click on close button[[ChromeDriver: chrome on WINDOWS (b2ea29a6d5f78b7d5388e583cd9f3415)] -> xpath: //span[@class='close']]
2023-05-16 19:05:161 INFO  BuildYourOwnComputerPage :109 - Mouse hover on shopping cart[[ChromeDriver: chrome on WINDOWS (b2ea29a6d5f78b7d5388e583cd9f3415)] -> xpath: //span[@class='cart-label']]
2023-05-16 19:05:359 INFO  BuildYourOwnComputerPage :114 - Click on go to cart button[[ChromeDriver: chrome on WINDOWS (b2ea29a6d5f78b7d5388e583cd9f3415)] -> xpath: //button[contains(text(),'Go to cart')]]
2023-05-16 19:05:738 INFO  CartPage :72 - Get shopping cart text[[ChromeDriver: chrome on WINDOWS (b2ea29a6d5f78b7d5388e583cd9f3415)] -> xpath: //h1[text()='Shopping cart']]
2023-05-16 19:05:778 INFO  CartPage :77 - Change quantity[[ChromeDriver: chrome on WINDOWS (b2ea29a6d5f78b7d5388e583cd9f3415)] -> xpath: //input[@value='1']]
2023-05-16 19:05:949 INFO  CartPage :83 - Click on update cart[[ChromeDriver: chrome on WINDOWS (b2ea29a6d5f78b7d5388e583cd9f3415)] -> id: updatecart]
2023-05-16 19:05:447 INFO  CartPage :88 - Get total[[ChromeDriver: chrome on WINDOWS (b2ea29a6d5f78b7d5388e583cd9f3415)] -> xpath: //tbody/tr[1]/td[6]/span[1]]
2023-05-16 19:05:487 INFO  CartPage :93 - Click on check box[[ChromeDriver: chrome on WINDOWS (b2ea29a6d5f78b7d5388e583cd9f3415)] -> xpath: //input[@id='termsofservice']]
2023-05-16 19:05:559 INFO  CartPage :98 - Click on checkout button[[ChromeDriver: chrome on WINDOWS (b2ea29a6d5f78b7d5388e583cd9f3415)] -> xpath: //button[@id='checkout']]
2023-05-16 19:05:115 INFO  CartPage :103 - Get welcome text[[ChromeDriver: chrome on WINDOWS (b2ea29a6d5f78b7d5388e583cd9f3415)] -> xpath: //h1[text()='Welcome, Please Sign In!']]
2023-05-16 19:05:156 INFO  CartPage :108 - Click on checkout as guest[[ChromeDriver: chrome on WINDOWS (b2ea29a6d5f78b7d5388e583cd9f3415)] -> xpath: //button[@class='button-1 checkout-as-guest-button']]
2023-05-16 19:05:848 INFO  CheckoutPage :82 - Enter first name[[ChromeDriver: chrome on WINDOWS (b2ea29a6d5f78b7d5388e583cd9f3415)] -> id: BillingNewAddress_FirstName]
2023-05-16 19:05:967 INFO  CheckoutPage :84 - Enter last name[[ChromeDriver: chrome on WINDOWS (b2ea29a6d5f78b7d5388e583cd9f3415)] -> id: BillingNewAddress_LastName]
2023-05-16 19:05:54 INFO  CheckoutPage :86 - Enter email id[[ChromeDriver: chrome on WINDOWS (b2ea29a6d5f78b7d5388e583cd9f3415)] -> id: BillingNewAddress_Email]
2023-05-16 19:05:174 INFO  CheckoutPage :88 - Select country[[ChromeDriver: chrome on WINDOWS (b2ea29a6d5f78b7d5388e583cd9f3415)] -> id: BillingNewAddress_CountryId]
2023-05-16 19:05:279 INFO  CheckoutPage :90 - Select city[[ChromeDriver: chrome on WINDOWS (b2ea29a6d5f78b7d5388e583cd9f3415)] -> id: BillingNewAddress_City]
2023-05-16 19:05:371 INFO  CheckoutPage :92 - Enter address[[ChromeDriver: chrome on WINDOWS (b2ea29a6d5f78b7d5388e583cd9f3415)] -> id: BillingNewAddress_Address1]
2023-05-16 19:05:519 INFO  CheckoutPage :94 - Enter postcode[[ChromeDriver: chrome on WINDOWS (b2ea29a6d5f78b7d5388e583cd9f3415)] -> id: BillingNewAddress_ZipPostalCode]
2023-05-16 19:05:612 INFO  CheckoutPage :96 - Enter phone number[[ChromeDriver: chrome on WINDOWS (b2ea29a6d5f78b7d5388e583cd9f3415)] -> id: BillingNewAddress_PhoneNumber]
2023-05-16 19:05:750 INFO  CheckoutPage :98 - Click on continue button[[ChromeDriver: chrome on WINDOWS (b2ea29a6d5f78b7d5388e583cd9f3415)] -> name: save]
2023-05-16 19:05:85 INFO  CheckoutPage :103 - Click on next day button[[ChromeDriver: chrome on WINDOWS (b2ea29a6d5f78b7d5388e583cd9f3415)] -> id: shippingoption_1]
2023-05-16 19:05:181 INFO  CheckoutPage :108 - Click on continue[[ChromeDriver: chrome on WINDOWS (b2ea29a6d5f78b7d5388e583cd9f3415)] -> xpath: //button[@onclick='ShippingMethod.save()']]
2023-05-16 19:05:494 INFO  PaymentPage :43 - CLick on credit card radio button[[ChromeDriver: chrome on WINDOWS (b2ea29a6d5f78b7d5388e583cd9f3415)] -> id: paymentmethod_1]
2023-05-16 19:05:599 INFO  PaymentPage :48 - Click on continue[[ChromeDriver: chrome on WINDOWS (b2ea29a6d5f78b7d5388e583cd9f3415)] -> xpath: //li[4]/div[2]/div[1]/button[1]]
2023-05-16 19:05:961 INFO  PaymentPage :53 - Select master card[[ChromeDriver: chrome on WINDOWS (b2ea29a6d5f78b7d5388e583cd9f3415)] -> id: CreditCardType]
2023-05-16 19:05:109 INFO  PaymentPage :58 - Enter card holder name[[ChromeDriver: chrome on WINDOWS (b2ea29a6d5f78b7d5388e583cd9f3415)] -> id: CardholderName]
2023-05-16 19:05:297 INFO  PaymentPage :60 - Enter card number[[ChromeDriver: chrome on WINDOWS (b2ea29a6d5f78b7d5388e583cd9f3415)] -> id: CardNumber]
2023-05-16 19:05:450 INFO  PaymentPage :62 - Select expire month[[ChromeDriver: chrome on WINDOWS (b2ea29a6d5f78b7d5388e583cd9f3415)] -> id: ExpireMonth]
2023-05-16 19:05:623 INFO  PaymentPage :64 - Select expire year[[ChromeDriver: chrome on WINDOWS (b2ea29a6d5f78b7d5388e583cd9f3415)] -> id: ExpireYear]
2023-05-16 19:05:767 INFO  PaymentPage :66 - Enter card code[[ChromeDriver: chrome on WINDOWS (b2ea29a6d5f78b7d5388e583cd9f3415)] -> id: CardCode]
2023-05-16 19:05:888 INFO  PaymentPage :68 - Click on continue button[[ChromeDriver: chrome on WINDOWS (b2ea29a6d5f78b7d5388e583cd9f3415)] -> xpath: //li[5]/div[2]/div[1]/button[1]]
2023-05-16 19:05:57 INFO  ConfirmOrderPage :56 - Get credit card textProxy element for: DefaultElementLocator 'By.xpath: //span[contains(text(),'Credit Card')]'
